<?xml version="1.0" encoding="UTF-8"?>
<robot generator="Robot 4.0.3 (Python 3.9.2 on win32)" generated="20210629 08:59:58.558" rpa="false" schemaversion="2">
<suite id="s1" name="Tests" source="C:\Kevan Dharma\QA\learning\automationpractice\Tests">
<suite id="s1-s1" name="01 Register" source="C:\Kevan Dharma\QA\learning\automationpractice\Tests\01_Register.robot">
<test id="s1-s1-t1" name="User should be registered">
<kw name="Given The new user has accessed the register page" library="RegisterPage">
<kw name="Open Browser" library="Selenium2Library">
<arg>${URL_REGISTER}</arg>
<arg>${BROWSER}</arg>
<doc>Opens a new browser instance to the optional ``url``.</doc>
<msg timestamp="20210629 08:59:58.761" level="INFO">Opening browser 'chrome' to base url 'http://automationpractice.com/index.php?controller=authentication&amp;back=my-account'.</msg>
<status status="PASS" starttime="20210629 08:59:58.761" endtime="20210629 09:00:06.437"/>
</kw>
<status status="PASS" starttime="20210629 08:59:58.761" endtime="20210629 09:00:06.438"/>
</kw>
<kw name="When The new user filling all field on the registration form" library="RegisterPage">
<kw name="Generate Email" library="email">
<kw name="Generate Random String" library="String">
<var>${RANDOM_STRING}</var>
<arg>12</arg>
<arg>[LOWER]</arg>
<doc>Generates a string with a desired ``length`` from the given ``chars``.</doc>
<msg timestamp="20210629 09:00:06.439" level="INFO">${RANDOM_STRING} = uvuykyqihfmc</msg>
<status status="PASS" starttime="20210629 09:00:06.439" endtime="20210629 09:00:06.439"/>
</kw>
<kw name="Set Global Variable" library="BuiltIn">
<arg>${RANDOM_STRING}</arg>
<doc>Makes a variable available globally in all tests and suites.</doc>
<msg timestamp="20210629 09:00:06.439" level="INFO">${RANDOM_STRING} = uvuykyqihfmc</msg>
<status status="PASS" starttime="20210629 09:00:06.439" endtime="20210629 09:00:06.439"/>
</kw>
<status status="PASS" starttime="20210629 09:00:06.439" endtime="20210629 09:00:06.439"/>
</kw>
<kw name="Input Email" library="email">
<kw name="Input Text" library="Selenium2Library">
<arg>email_create</arg>
<arg>${RANDOM_STRING}@mailinator.com</arg>
<doc>Types the given ``text`` into the text field identified by ``locator``.</doc>
<msg timestamp="20210629 09:00:06.439" level="INFO">Typing text 'uvuykyqihfmc@mailinator.com' into text field 'email_create'.</msg>
<status status="PASS" starttime="20210629 09:00:06.439" endtime="20210629 09:00:06.532"/>
</kw>
<kw name="Get Element Attribute" library="Selenium2Library">
<var>${EMAIL}</var>
<arg>email_create</arg>
<arg>value</arg>
<doc>Returns the value of ``attribute`` from the element ``locator``.</doc>
<msg timestamp="20210629 09:00:06.540" level="INFO">${EMAIL} = uvuykyqihfmc@mailinator.com</msg>
<status status="PASS" starttime="20210629 09:00:06.532" endtime="20210629 09:00:06.540"/>
</kw>
<kw name="Set Global Variable" library="BuiltIn">
<arg>${EMAIL}</arg>
<doc>Makes a variable available globally in all tests and suites.</doc>
<msg timestamp="20210629 09:00:06.540" level="INFO">${EMAIL} = uvuykyqihfmc@mailinator.com</msg>
<status status="PASS" starttime="20210629 09:00:06.540" endtime="20210629 09:00:06.540"/>
</kw>
<status status="PASS" starttime="20210629 09:00:06.439" endtime="20210629 09:00:06.540"/>
</kw>
<kw name="Click Element" library="Selenium2Library">
<arg>name:SubmitCreate</arg>
<doc>Click the element identified by ``locator``.</doc>
<msg timestamp="20210629 09:00:06.540" level="INFO">Clicking element 'name:SubmitCreate'.</msg>
<status status="PASS" starttime="20210629 09:00:06.540" endtime="20210629 09:00:06.586"/>
</kw>
<kw name="Wait Until Element Is Visible" library="Selenium2Library">
<arg>id_gender</arg>
<arg>timeout=10</arg>
<doc>Waits until the element ``locator`` is visible.</doc>
<status status="PASS" starttime="20210629 09:00:06.586" endtime="20210629 09:00:08.303"/>
</kw>
<kw name="Select Radio Button" library="Selenium2Library">
<arg>id_gender</arg>
<arg>1</arg>
<doc>Sets the radio button group ``group_name`` to ``value``.</doc>
<msg timestamp="20210629 09:00:08.303" level="INFO">Selecting '1' from radio button 'id_gender'.</msg>
<status status="PASS" starttime="20210629 09:00:08.303" endtime="20210629 09:00:08.351"/>
</kw>
<kw name="Input Text" library="Selenium2Library">
<arg>id:customer_firstname</arg>
<arg>${FULLNAME}[firstname]</arg>
<doc>Types the given ``text`` into the text field identified by ``locator``.</doc>
<msg timestamp="20210629 09:00:08.359" level="INFO">Typing text 'Firstname' into text field 'id:customer_firstname'.</msg>
<status status="PASS" starttime="20210629 09:00:08.359" endtime="20210629 09:00:08.440"/>
</kw>
<kw name="Input Text" library="Selenium2Library">
<arg>id:customer_lastname</arg>
<arg>${FULLNAME}[lastname]</arg>
<doc>Types the given ``text`` into the text field identified by ``locator``.</doc>
<msg timestamp="20210629 09:00:08.440" level="INFO">Typing text 'Lastname' into text field 'id:customer_lastname'.</msg>
<status status="PASS" starttime="20210629 09:00:08.440" endtime="20210629 09:00:08.511"/>
</kw>
<kw name="Input Password" library="email">
<kw name="Input Text" library="Selenium2Library">
<arg>id:passwd</arg>
<arg>${PASSWORD}</arg>
<doc>Types the given ``text`` into the text field identified by ``locator``.</doc>
<msg timestamp="20210629 09:00:08.511" level="INFO">Typing text 'qwerty' into text field 'id:passwd'.</msg>
<status status="PASS" starttime="20210629 09:00:08.511" endtime="20210629 09:00:08.579"/>
</kw>
<status status="PASS" starttime="20210629 09:00:08.511" endtime="20210629 09:00:08.579"/>
</kw>
<kw name="Select From List By Index" library="Selenium2Library">
<arg>name:days</arg>
<arg>2</arg>
<doc>Selects options from selection list ``locator`` by ``indexes``.</doc>
<msg timestamp="20210629 09:00:08.579" level="INFO">Selecting options from selection list 'name:days' by index 2.</msg>
<status status="PASS" starttime="20210629 09:00:08.579" endtime="20210629 09:00:08.658"/>
</kw>
<kw name="Select From List By Index" library="Selenium2Library">
<arg>name:months</arg>
<arg>6</arg>
<doc>Selects options from selection list ``locator`` by ``indexes``.</doc>
<msg timestamp="20210629 09:00:08.658" level="INFO">Selecting options from selection list 'name:months' by index 6.</msg>
<status status="PASS" starttime="20210629 09:00:08.658" endtime="20210629 09:00:08.763"/>
</kw>
<kw name="Select From List By Index" library="Selenium2Library">
<arg>name:years</arg>
<arg>17</arg>
<doc>Selects options from selection list ``locator`` by ``indexes``.</doc>
<msg timestamp="20210629 09:00:08.763" level="INFO">Selecting options from selection list 'name:years' by index 17.</msg>
<status status="PASS" starttime="20210629 09:00:08.763" endtime="20210629 09:00:08.920"/>
</kw>
<kw name="Input Text" library="Selenium2Library">
<arg>id:address1</arg>
<arg>${ADDRESS}</arg>
<doc>Types the given ``text`` into the text field identified by ``locator``.</doc>
<msg timestamp="20210629 09:00:08.920" level="INFO">Typing text 'California Street' into text field 'id:address1'.</msg>
<status status="PASS" starttime="20210629 09:00:08.920" endtime="20210629 09:00:08.995"/>
</kw>
<kw name="Input Text" library="Selenium2Library">
<arg>id:city</arg>
<arg>${CITY}</arg>
<doc>Types the given ``text`` into the text field identified by ``locator``.</doc>
<msg timestamp="20210629 09:00:08.995" level="INFO">Typing text 'CA' into text field 'id:city'.</msg>
<status status="PASS" starttime="20210629 09:00:08.995" endtime="20210629 09:00:09.076"/>
</kw>
<kw name="Select From List By Index" library="Selenium2Library">
<arg>name:id_state</arg>
<arg>4</arg>
<doc>Selects options from selection list ``locator`` by ``indexes``.</doc>
<msg timestamp="20210629 09:00:09.076" level="INFO">Selecting options from selection list 'name:id_state' by index 4.</msg>
<status status="PASS" starttime="20210629 09:00:09.076" endtime="20210629 09:00:09.157"/>
</kw>
<kw name="Input Text" library="Selenium2Library">
<arg>id:postcode</arg>
<arg>${POSTAL_CODE}</arg>
<doc>Types the given ``text`` into the text field identified by ``locator``.</doc>
<msg timestamp="20210629 09:00:09.157" level="INFO">Typing text '37545' into text field 'id:postcode'.</msg>
<status status="PASS" starttime="20210629 09:00:09.157" endtime="20210629 09:00:09.224"/>
</kw>
<kw name="Select From List By Value" library="Selenium2Library">
<arg>name:id_country</arg>
<arg>21</arg>
<doc>Selects options from selection list ``locator`` by ``values``.</doc>
<msg timestamp="20210629 09:00:09.231" level="INFO">Selecting options from selection list 'name:id_country' by value 21.</msg>
<status status="PASS" starttime="20210629 09:00:09.224" endtime="20210629 09:00:09.263"/>
</kw>
<kw name="Input Text" library="Selenium2Library">
<arg>id:phone_mobile</arg>
<arg>${PHONE_NUMBER}</arg>
<doc>Types the given ``text`` into the text field identified by ``locator``.</doc>
<msg timestamp="20210629 09:00:09.263" level="INFO">Typing text '+628531234890' into text field 'id:phone_mobile'.</msg>
<status status="PASS" starttime="20210629 09:00:09.263" endtime="20210629 09:00:09.349"/>
</kw>
<kw name="Input Text" library="Selenium2Library">
<arg>id:alias</arg>
<arg>${ALIAS}</arg>
<doc>Types the given ``text`` into the text field identified by ``locator``.</doc>
<msg timestamp="20210629 09:00:09.349" level="INFO">Typing text 'My Home' into text field 'id:alias'.</msg>
<status status="PASS" starttime="20210629 09:00:09.349" endtime="20210629 09:00:09.425"/>
</kw>
<kw name="Click Element" library="Selenium2Library">
<arg>id:submitAccount</arg>
<doc>Click the element identified by ``locator``.</doc>
<msg timestamp="20210629 09:00:09.425" level="INFO">Clicking element 'id:submitAccount'.</msg>
<status status="PASS" starttime="20210629 09:00:09.425" endtime="20210629 09:00:12.116"/>
</kw>
<status status="PASS" starttime="20210629 09:00:06.438" endtime="20210629 09:00:12.116"/>
</kw>
<kw name="Then The new user successfully registered" library="RegisterPage">
<kw name="Element Text Should Be" library="Selenium2Library">
<arg>class:info-account</arg>
<arg>Welcome to your account. Here you can manage all of your personal information and orders.</arg>
<doc>Verifies that element ``locator`` contains exact the text ``expected``.</doc>
<msg timestamp="20210629 09:00:12.117" level="INFO">Verifying element 'class:info-account' contains exact text 'Welcome to your account. Here you can manage all of your personal information and orders.'.</msg>
<status status="PASS" starttime="20210629 09:00:12.117" endtime="20210629 09:00:12.142"/>
</kw>
<status status="PASS" starttime="20210629 09:00:12.116" endtime="20210629 09:00:12.142"/>
</kw>
<tag>Functional-Positive</tag>
<status status="PASS" starttime="20210629 08:59:58.761" endtime="20210629 09:00:12.142"/>
</test>
<kw name="Close All Browsers" library="Selenium2Library" type="TEARDOWN">
<doc>Closes all open browsers and resets the browser cache.</doc>
<status status="PASS" starttime="20210629 09:00:12.142" endtime="20210629 09:00:14.266"/>
</kw>
<status status="PASS" starttime="20210629 08:59:58.578" endtime="20210629 09:00:14.266"/>
</suite>
<suite id="s1-s2" name="02 Login" source="C:\Kevan Dharma\QA\learning\automationpractice\Tests\02_Login.robot">
<kw name="Generate Email" library="email" type="SETUP">
<kw name="Generate Random String" library="String">
<var>${RANDOM_STRING}</var>
<arg>12</arg>
<arg>[LOWER]</arg>
<doc>Generates a string with a desired ``length`` from the given ``chars``.</doc>
<msg timestamp="20210629 09:00:14.267" level="INFO">${RANDOM_STRING} = vozngcgzmmli</msg>
<status status="PASS" starttime="20210629 09:00:14.267" endtime="20210629 09:00:14.267"/>
</kw>
<kw name="Set Global Variable" library="BuiltIn">
<arg>${RANDOM_STRING}</arg>
<doc>Makes a variable available globally in all tests and suites.</doc>
<msg timestamp="20210629 09:00:14.267" level="INFO">${RANDOM_STRING} = vozngcgzmmli</msg>
<status status="PASS" starttime="20210629 09:00:14.267" endtime="20210629 09:00:14.267"/>
</kw>
<status status="PASS" starttime="20210629 09:00:14.267" endtime="20210629 09:00:14.267"/>
</kw>
<test id="s1-s2-t1" name="User should be login">
<kw name="Given The User has accessed the register page" library="LoginPage">
<kw name="Open Browser" library="Selenium2Library">
<arg>${URL_REGISTER}</arg>
<arg>${BROWSER}</arg>
<doc>Opens a new browser instance to the optional ``url``.</doc>
<msg timestamp="20210629 09:00:14.267" level="INFO">Opening browser 'chrome' to base url 'http://automationpractice.com/index.php?controller=authentication&amp;back=my-account'.</msg>
<status status="PASS" starttime="20210629 09:00:14.267" endtime="20210629 09:00:21.594"/>
</kw>
<status status="PASS" starttime="20210629 09:00:14.267" endtime="20210629 09:00:21.594"/>
</kw>
<kw name="When The User Click Sign in Button" library="LoginPage">
<kw name="Click Element" library="Selenium2Library">
<arg>class:login</arg>
<doc>Click the element identified by ``locator``.</doc>
<msg timestamp="20210629 09:00:21.600" level="INFO">Clicking element 'class:login'.</msg>
<status status="PASS" starttime="20210629 09:00:21.599" endtime="20210629 09:00:23.973"/>
</kw>
<status status="PASS" starttime="20210629 09:00:21.599" endtime="20210629 09:00:23.973"/>
</kw>
<kw name="And Input Existing Email Address" library="LoginPage">
<kw name="Input Email Existing" library="email">
<kw name="Input Text" library="Selenium2Library">
<arg>id:email</arg>
<arg>${EMAIL}</arg>
<doc>Types the given ``text`` into the text field identified by ``locator``.</doc>
<msg timestamp="20210629 09:00:23.973" level="INFO">Typing text 'uvuykyqihfmc@mailinator.com' into text field 'id:email'.</msg>
<status status="PASS" starttime="20210629 09:00:23.973" endtime="20210629 09:00:24.056"/>
</kw>
<status status="PASS" starttime="20210629 09:00:23.973" endtime="20210629 09:00:24.056"/>
</kw>
<status status="PASS" starttime="20210629 09:00:23.973" endtime="20210629 09:00:24.056"/>
</kw>
<kw name="And Input Existing Password" library="LoginPage">
<kw name="Input Password" library="email">
<kw name="Input Text" library="Selenium2Library">
<arg>id:passwd</arg>
<arg>${PASSWORD}</arg>
<doc>Types the given ``text`` into the text field identified by ``locator``.</doc>
<msg timestamp="20210629 09:00:24.056" level="INFO">Typing text 'qwerty' into text field 'id:passwd'.</msg>
<status status="PASS" starttime="20210629 09:00:24.056" endtime="20210629 09:00:24.128"/>
</kw>
<status status="PASS" starttime="20210629 09:00:24.056" endtime="20210629 09:00:24.128"/>
</kw>
<status status="PASS" starttime="20210629 09:00:24.056" endtime="20210629 09:00:24.128"/>
</kw>
<kw name="And Click Sign In" library="LoginPage">
<kw name="Click Element" library="Selenium2Library">
<arg>SubmitCreate</arg>
<doc>Click the element identified by ``locator``.</doc>
<msg timestamp="20210629 09:00:24.133" level="INFO">Clicking element 'SubmitCreate'.</msg>
<status status="PASS" starttime="20210629 09:00:24.128" endtime="20210629 09:00:24.173"/>
</kw>
<status status="PASS" starttime="20210629 09:00:24.128" endtime="20210629 09:00:24.173"/>
</kw>
<tag>Functional-Positive</tag>
<status status="PASS" starttime="20210629 09:00:14.267" endtime="20210629 09:00:24.174"/>
</test>
<kw name="Close All Browsers" library="Selenium2Library" type="TEARDOWN">
<doc>Closes all open browsers and resets the browser cache.</doc>
<status status="PASS" starttime="20210629 09:00:24.175" endtime="20210629 09:00:26.315"/>
</kw>
<status status="PASS" starttime="20210629 09:00:14.267" endtime="20210629 09:00:26.315"/>
</suite>
<status status="PASS" starttime="20210629 08:59:58.562" endtime="20210629 09:00:26.319"/>
</suite>
<statistics>
<total>
<stat pass="2" fail="0" skip="0">All Tests</stat>
</total>
<tag>
<stat pass="2" fail="0" skip="0">Functional-Positive</stat>
</tag>
<suite>
<stat pass="2" fail="0" skip="0" id="s1" name="Tests">Tests</stat>
<stat pass="1" fail="0" skip="0" id="s1-s1" name="01 Register">Tests.01 Register</stat>
<stat pass="1" fail="0" skip="0" id="s1-s2" name="02 Login">Tests.02 Login</stat>
</suite>
</statistics>
<errors>
</errors>
</robot>
